2026-03-16T22:37:06.345+08:00  INFO 29048 --- [artemis-system] [main] c.a.a.system.ArtemisSystemApplication    : Starting ArtemisSystemApplication using Java 21.0.2 with PID 29048 (C:\Users\atm\IdeaProjects\artemis\artemis-modules\artemis-system\artemis-system-start\target\classes started by atm in C:\Users\atm\IdeaProjects\artemis\artemis-modules\artemis-system\artemis-system-start)
2026-03-16T22:37:06.347+08:00  INFO 29048 --- [artemis-system] [main] c.a.a.system.ArtemisSystemApplication    : The following 1 profile is active: "dev"
2026-03-16T22:37:06.403+08:00  INFO 29048 --- [artemis-system] [main] c.a.c.n.c.NacosConfigDataLoader          : [Nacos Config] Load config[dataId=artemis-system.yml, group=DEFAULT_GROUP] success
2026-03-16T22:37:06.403+08:00  INFO 29048 --- [artemis-system] [main] c.a.c.n.c.NacosConfigDataLoader          : [Nacos Config] Load config[dataId=datasource.yml, group=DEFAULT_GROUP] success
2026-03-16T22:37:06.404+08:00  INFO 29048 --- [artemis-system] [main] c.a.c.n.c.NacosConfigDataLoader          : [Nacos Config] Load config[dataId=application-common.yml, group=DEFAULT_GROUP] success
2026-03-16T22:37:08.597+08:00  WARN 29048 --- [artemis-system] [main] trationDelegate$BeanPostProcessorChecker : Bean 'com.alibaba.cloud.nacos.NacosConfigAutoConfiguration' of type [com.alibaba.cloud.nacos.NacosConfigAutoConfiguration] is not eligible for getting processed by all BeanPostProcessors (for example: not eligible for auto-proxying). The currently created BeanPostProcessor [nacosAnnotationProcessor] is declared through a non-static factory method on that class; consider declaring it as static instead.
2026-03-16T22:37:08.944+08:00  INFO 29048 --- [artemis-system] [main] com.zaxxer.hikari.HikariDataSource       : HikariPool-1 - Starting...
2026-03-16T22:37:09.173+08:00  INFO 29048 --- [artemis-system] [main] com.zaxxer.hikari.pool.HikariPool        : HikariPool-1 - Added connection org.postgresql.jdbc.PgConnection@74450c9b
2026-03-16T22:37:09.175+08:00  INFO 29048 --- [artemis-system] [main] com.zaxxer.hikari.HikariDataSource       : HikariPool-1 - Start completed.
2026-03-16T22:37:09.221+08:00  INFO 29048 --- [artemis-system] [main] org.flywaydb.core.FlywayExecutor         : Database: jdbc:postgresql://localhost:5432/artemis_system (PostgreSQL 16.13)
2026-03-16T22:37:09.313+08:00  INFO 29048 --- [artemis-system] [main] o.f.core.internal.command.DbValidate     : Successfully validated 1 migration (execution time 00:00.049s)
2026-03-16T22:37:09.340+08:00  INFO 29048 --- [artemis-system] [main] o.f.core.internal.command.DbMigrate      : Current version of schema "public": 1
2026-03-16T22:37:09.345+08:00  INFO 29048 --- [artemis-system] [main] o.f.core.internal.command.DbMigrate      : Schema "public" is up to date. No migration necessary.
2026-03-16T22:37:11.281+08:00  INFO 29048 --- [artemis-system] [main] org.redisson.Version                     : Redisson 3.35.0
2026-03-16T22:37:11.649+08:00  INFO 29048 --- [artemis-system] [redisson-netty-1-4] o.redisson.connection.ConnectionsHolder  : 1 connections initialized for 127.0.0.1/127.0.0.1:6379
2026-03-16T22:37:11.755+08:00  INFO 29048 --- [artemis-system] [redisson-netty-1-19] o.redisson.connection.ConnectionsHolder  : 24 connections initialized for 127.0.0.1/127.0.0.1:6379
2026-03-16T22:37:12.228+08:00  INFO 29048 --- [artemis-system] [main] c.a.a.system.ArtemisSystemApplication    : Started ArtemisSystemApplication in 7.932 seconds (process running for 8.319)
2026-03-16T22:37:12.262+08:00  INFO 29048 --- [artemis-system] [main] c.a.c.n.refresh.NacosContextRefresher    : [Nacos Config] Listening config: dataId=datasource.yml, group=DEFAULT_GROUP
2026-03-16T22:37:12.265+08:00  INFO 29048 --- [artemis-system] [main] c.a.c.n.refresh.NacosContextRefresher    : [Nacos Config] Listening config: dataId=application-common.yml, group=DEFAULT_GROUP
2026-03-16T22:37:12.274+08:00  INFO 29048 --- [artemis-system] [main] c.a.c.n.refresh.NacosContextRefresher    : [Nacos Config] Listening config: dataId=artemis-system.yml, group=DEFAULT_GROUP
2026-03-16T22:40:01.408+08:00  INFO 21612 --- [artemis-system] [main] c.a.a.system.ArtemisSystemApplication    : Starting ArtemisSystemApplication using Java 21.0.2 with PID 21612 (C:\Users\atm\IdeaProjects\artemis\artemis-modules\artemis-system\artemis-system-start\target\classes started by atm in C:\Users\atm\IdeaProjects\artemis\artemis-modules\artemis-system\artemis-system-start)
2026-03-16T22:40:01.410+08:00  INFO 21612 --- [artemis-system] [main] c.a.a.system.ArtemisSystemApplication    : The following 1 profile is active: "dev"
2026-03-16T22:40:01.448+08:00  INFO 21612 --- [artemis-system] [main] c.a.c.n.c.NacosConfigDataLoader          : [Nacos Config] Load config[dataId=artemis-system.yml, group=DEFAULT_GROUP] success
2026-03-16T22:40:01.449+08:00  INFO 21612 --- [artemis-system] [main] c.a.c.n.c.NacosConfigDataLoader          : [Nacos Config] Load config[dataId=datasource.yml, group=DEFAULT_GROUP] success
2026-03-16T22:40:01.449+08:00  INFO 21612 --- [artemis-system] [main] c.a.c.n.c.NacosConfigDataLoader          : [Nacos Config] Load config[dataId=application-common.yml, group=DEFAULT_GROUP] success
2026-03-16T22:40:02.795+08:00  WARN 21612 --- [artemis-system] [main] trationDelegate$BeanPostProcessorChecker : Bean 'com.alibaba.cloud.nacos.NacosConfigAutoConfiguration' of type [com.alibaba.cloud.nacos.NacosConfigAutoConfiguration] is not eligible for getting processed by all BeanPostProcessors (for example: not eligible for auto-proxying). The currently created BeanPostProcessor [nacosAnnotationProcessor] is declared through a non-static factory method on that class; consider declaring it as static instead.
2026-03-16T22:40:03.041+08:00  INFO 21612 --- [artemis-system] [main] com.zaxxer.hikari.HikariDataSource       : HikariPool-1 - Starting...
2026-03-16T22:40:03.306+08:00  INFO 21612 --- [artemis-system] [main] com.zaxxer.hikari.pool.HikariPool        : HikariPool-1 - Added connection org.postgresql.jdbc.PgConnection@30b9728f
2026-03-16T22:40:03.308+08:00  INFO 21612 --- [artemis-system] [main] com.zaxxer.hikari.HikariDataSource       : HikariPool-1 - Start completed.
2026-03-16T22:40:03.343+08:00  INFO 21612 --- [artemis-system] [main] org.flywaydb.core.FlywayExecutor         : Database: jdbc:postgresql://localhost:5432/artemis_system (PostgreSQL 16.13)
2026-03-16T22:40:03.407+08:00  INFO 21612 --- [artemis-system] [main] o.f.core.internal.command.DbValidate     : Successfully validated 1 migration (execution time 00:00.032s)
2026-03-16T22:40:03.446+08:00  INFO 21612 --- [artemis-system] [main] o.f.core.internal.command.DbMigrate      : Current version of schema "public": 1
2026-03-16T22:40:03.451+08:00  INFO 21612 --- [artemis-system] [main] o.f.core.internal.command.DbMigrate      : Schema "public" is up to date. No migration necessary.
2026-03-16T22:40:05.378+08:00  INFO 21612 --- [artemis-system] [main] org.redisson.Version                     : Redisson 3.35.0
2026-03-16T22:40:05.676+08:00  INFO 21612 --- [artemis-system] [redisson-netty-1-4] o.redisson.connection.ConnectionsHolder  : 1 connections initialized for 127.0.0.1/127.0.0.1:6379
2026-03-16T22:40:05.796+08:00  INFO 21612 --- [artemis-system] [redisson-netty-1-19] o.redisson.connection.ConnectionsHolder  : 24 connections initialized for 127.0.0.1/127.0.0.1:6379
2026-03-16T22:40:06.249+08:00  INFO 21612 --- [artemis-system] [main] c.a.a.system.ArtemisSystemApplication    : Started ArtemisSystemApplication in 6.677 seconds (process running for 7.043)
2026-03-16T22:40:06.268+08:00  INFO 21612 --- [artemis-system] [main] c.a.c.n.refresh.NacosContextRefresher    : [Nacos Config] Listening config: dataId=datasource.yml, group=DEFAULT_GROUP
2026-03-16T22:40:06.270+08:00  INFO 21612 --- [artemis-system] [main] c.a.c.n.refresh.NacosContextRefresher    : [Nacos Config] Listening config: dataId=application-common.yml, group=DEFAULT_GROUP
2026-03-16T22:40:06.274+08:00  INFO 21612 --- [artemis-system] [main] c.a.c.n.refresh.NacosContextRefresher    : [Nacos Config] Listening config: dataId=artemis-system.yml, group=DEFAULT_GROUP
2026-03-16T22:49:34.997+08:00  INFO 29024 --- [artemis-system] [main] c.a.a.system.ArtemisSystemApplication    : Starting ArtemisSystemApplication using Java 21.0.2 with PID 29024 (C:\Users\atm\IdeaProjects\artemis\artemis-modules\artemis-system\artemis-system-start\target\classes started by atm in C:\Users\atm\IdeaProjects\artemis\artemis-modules\artemis-system\artemis-system-start)
2026-03-16T22:49:34.998+08:00  INFO 29024 --- [artemis-system] [main] c.a.a.system.ArtemisSystemApplication    : The following 1 profile is active: "dev"
2026-03-16T22:49:35.030+08:00  INFO 29024 --- [artemis-system] [main] c.a.c.n.c.NacosConfigDataLoader          : [Nacos Config] Load config[dataId=artemis-system.yml, group=DEFAULT_GROUP] success
2026-03-16T22:49:35.031+08:00  INFO 29024 --- [artemis-system] [main] c.a.c.n.c.NacosConfigDataLoader          : [Nacos Config] Load config[dataId=datasource.yml, group=DEFAULT_GROUP] success
2026-03-16T22:49:35.031+08:00  INFO 29024 --- [artemis-system] [main] c.a.c.n.c.NacosConfigDataLoader          : [Nacos Config] Load config[dataId=application-common.yml, group=DEFAULT_GROUP] success
2026-03-16T22:49:36.076+08:00  WARN 29024 --- [artemis-system] [main] trationDelegate$BeanPostProcessorChecker : Bean 'com.alibaba.cloud.nacos.NacosConfigAutoConfiguration' of type [com.alibaba.cloud.nacos.NacosConfigAutoConfiguration] is not eligible for getting processed by all BeanPostProcessors (for example: not eligible for auto-proxying). The currently created BeanPostProcessor [nacosAnnotationProcessor] is declared through a non-static factory method on that class; consider declaring it as static instead.
2026-03-16T22:49:36.291+08:00  INFO 29024 --- [artemis-system] [main] com.zaxxer.hikari.HikariDataSource       : HikariPool-1 - Starting...
2026-03-16T22:49:36.426+08:00  INFO 29024 --- [artemis-system] [main] com.zaxxer.hikari.pool.HikariPool        : HikariPool-1 - Added connection org.postgresql.jdbc.PgConnection@5ad50b02
2026-03-16T22:49:36.429+08:00  INFO 29024 --- [artemis-system] [main] com.zaxxer.hikari.HikariDataSource       : HikariPool-1 - Start completed.
2026-03-16T22:49:36.455+08:00  INFO 29024 --- [artemis-system] [main] org.flywaydb.core.FlywayExecutor         : Database: jdbc:postgresql://localhost:5432/artemis_system (PostgreSQL 16.13)
2026-03-16T22:49:36.507+08:00  INFO 29024 --- [artemis-system] [main] o.f.core.internal.command.DbValidate     : Successfully validated 1 migration (execution time 00:00.026s)
2026-03-16T22:49:36.544+08:00  INFO 29024 --- [artemis-system] [main] o.f.core.internal.command.DbMigrate      : Current version of schema "public": 1
2026-03-16T22:49:36.546+08:00  INFO 29024 --- [artemis-system] [main] o.f.core.internal.command.DbMigrate      : Schema "public" is up to date. No migration necessary.
2026-03-16T22:49:38.370+08:00  INFO 29024 --- [artemis-system] [main] org.redisson.Version                     : Redisson 3.35.0
2026-03-16T22:49:38.627+08:00  INFO 29024 --- [artemis-system] [redisson-netty-1-4] o.redisson.connection.ConnectionsHolder  : 1 connections initialized for 127.0.0.1/127.0.0.1:6379
2026-03-16T22:49:38.729+08:00  INFO 29024 --- [artemis-system] [redisson-netty-1-19] o.redisson.connection.ConnectionsHolder  : 24 connections initialized for 127.0.0.1/127.0.0.1:6379
2026-03-16T22:49:39.135+08:00  INFO 29024 --- [artemis-system] [main] c.a.a.system.ArtemisSystemApplication    : Started ArtemisSystemApplication in 5.728 seconds (process running for 6.051)
2026-03-16T22:49:39.158+08:00  INFO 29024 --- [artemis-system] [main] c.a.c.n.refresh.NacosContextRefresher    : [Nacos Config] Listening config: dataId=datasource.yml, group=DEFAULT_GROUP
2026-03-16T22:49:39.169+08:00  INFO 29024 --- [artemis-system] [main] c.a.c.n.refresh.NacosContextRefresher    : [Nacos Config] Listening config: dataId=application-common.yml, group=DEFAULT_GROUP
2026-03-16T22:49:39.171+08:00  INFO 29024 --- [artemis-system] [main] c.a.c.n.refresh.NacosContextRefresher    : [Nacos Config] Listening config: dataId=artemis-system.yml, group=DEFAULT_GROUP
2026-03-16T22:59:13.788+08:00  INFO 29024 --- [artemis-system] [nacos.client.config.listener.task-0] c.a.c.n.refresh.NacosContextRefresher    : [Nacos Config] Receive Nacos config change: dataId=application-common.yml, group=DEFAULT_GROUP
2026-03-16T22:59:13.793+08:00  INFO 21612 --- [artemis-system] [nacos.client.config.listener.task-0] c.a.c.n.refresh.NacosContextRefresher    : [Nacos Config] Receive Nacos config change: dataId=application-common.yml, group=DEFAULT_GROUP
2026-03-16T22:59:13.804+08:00  INFO 29048 --- [artemis-system] [nacos.client.config.listener.task-0] c.a.c.n.refresh.NacosContextRefresher    : [Nacos Config] Receive Nacos config change: dataId=application-common.yml, group=DEFAULT_GROUP
2026-03-16T22:59:13.843+08:00  INFO 29024 --- [artemis-system] [nacos.client.config.listener.task-0] c.a.c.n.c.NacosConfigDataLoader          : [Nacos Config] Load config[dataId=artemis-system.yml, group=DEFAULT_GROUP] success
2026-03-16T22:59:13.853+08:00  INFO 29024 --- [artemis-system] [nacos.client.config.listener.task-0] c.a.c.n.c.NacosConfigDataLoader          : [Nacos Config] Load config[dataId=datasource.yml, group=DEFAULT_GROUP] success
2026-03-16T22:59:13.877+08:00  INFO 21612 --- [artemis-system] [nacos.client.config.listener.task-0] c.a.c.n.c.NacosConfigDataLoader          : [Nacos Config] Load config[dataId=artemis-system.yml, group=DEFAULT_GROUP] success
2026-03-16T22:59:13.887+08:00  INFO 21612 --- [artemis-system] [nacos.client.config.listener.task-0] c.a.c.n.c.NacosConfigDataLoader          : [Nacos Config] Load config[dataId=datasource.yml, group=DEFAULT_GROUP] success
2026-03-16T22:59:13.908+08:00  INFO 29048 --- [artemis-system] [nacos.client.config.listener.task-0] c.a.c.n.c.NacosConfigDataLoader          : [Nacos Config] Load config[dataId=artemis-system.yml, group=DEFAULT_GROUP] success
2026-03-16T22:59:13.917+08:00  INFO 29048 --- [artemis-system] [nacos.client.config.listener.task-0] c.a.c.n.c.NacosConfigDataLoader          : [Nacos Config] Load config[dataId=datasource.yml, group=DEFAULT_GROUP] success
2026-03-16T22:59:13.986+08:00  INFO 21612 --- [artemis-system] [nacos.client.config.listener.task-0] c.a.c.n.c.NacosConfigDataLoader          : [Nacos Config] Load config[dataId=application-common.yml, group=DEFAULT_GROUP] success
2026-03-16T22:59:13.986+08:00  INFO 29024 --- [artemis-system] [nacos.client.config.listener.task-0] c.a.c.n.c.NacosConfigDataLoader          : [Nacos Config] Load config[dataId=application-common.yml, group=DEFAULT_GROUP] success
2026-03-16T22:59:14.003+08:00  INFO 29048 --- [artemis-system] [nacos.client.config.listener.task-0] c.a.c.n.c.NacosConfigDataLoader          : [Nacos Config] Load config[dataId=application-common.yml, group=DEFAULT_GROUP] success
